0 info it worked if it ends with ok
1 verbose cli [ '/usr/local/bin/node',
1 verbose cli   '/usr/local/bin/npm',
1 verbose cli   'install',
1 verbose cli   'forever',
1 verbose cli   '-g' ]
2 info using npm@2.14.12
3 info using node@v4.2.4
4 verbose install initial load of /usr/local/lib/package.json
5 verbose readDependencies loading dependencies from /usr/local/lib/package.json
6 silly cache add args [ 'forever', null ]
7 verbose cache add spec forever
8 silly cache add parsed spec Result {
8 silly cache add   raw: 'forever',
8 silly cache add   scope: null,
8 silly cache add   name: 'forever',
8 silly cache add   rawSpec: '',
8 silly cache add   spec: 'latest',
8 silly cache add   type: 'tag' }
9 silly addNamed forever@latest
10 verbose addNamed "latest" is being treated as a dist-tag for forever
11 info addNameTag [ 'forever', 'latest' ]
12 silly mapToRegistry name forever
13 silly mapToRegistry using default registry
14 silly mapToRegistry registry https://registry.npmjs.org/
15 silly mapToRegistry uri https://registry.npmjs.org/forever
16 verbose addNameTag registry:https://registry.npmjs.org/forever not in flight; fetching
17 verbose request uri https://registry.npmjs.org/forever
18 verbose request no auth needed
19 info attempt registry request try #1 at 15:17:16
20 verbose request id 101ed6e8973c1907
21 http request GET https://registry.npmjs.org/forever
22 http 200 https://registry.npmjs.org/forever
23 verbose headers { server: 'CouchDB/1.5.0 (Erlang OTP/R16B03)',
23 verbose headers   etag: '"5597JNDJAFJTTX5XFTBL43V41"',
23 verbose headers   'content-type': 'application/json',
23 verbose headers   'content-encoding': 'gzip',
23 verbose headers   'cache-control': 'max-age=300',
23 verbose headers   'content-length': '14465',
23 verbose headers   'accept-ranges': 'bytes',
23 verbose headers   date: 'Mon, 25 Apr 2016 07:17:17 GMT',
23 verbose headers   via: '1.1 varnish',
23 verbose headers   age: '74',
23 verbose headers   connection: 'keep-alive',
23 verbose headers   'x-served-by': 'cache-sjc3128-SJC',
23 verbose headers   'x-cache': 'HIT',
23 verbose headers   'x-cache-hits': '1',
23 verbose headers   'x-timer': 'S1461568637.075562,VS0,VE0',
23 verbose headers   vary: 'Accept-Encoding' }
24 silly get cb [ 200,
24 silly get   { server: 'CouchDB/1.5.0 (Erlang OTP/R16B03)',
24 silly get     etag: '"5597JNDJAFJTTX5XFTBL43V41"',
24 silly get     'content-type': 'application/json',
24 silly get     'content-encoding': 'gzip',
24 silly get     'cache-control': 'max-age=300',
24 silly get     'content-length': '14465',
24 silly get     'accept-ranges': 'bytes',
24 silly get     date: 'Mon, 25 Apr 2016 07:17:17 GMT',
24 silly get     via: '1.1 varnish',
24 silly get     age: '74',
24 silly get     connection: 'keep-alive',
24 silly get     'x-served-by': 'cache-sjc3128-SJC',
24 silly get     'x-cache': 'HIT',
24 silly get     'x-cache-hits': '1',
24 silly get     'x-timer': 'S1461568637.075562,VS0,VE0',
24 silly get     vary: 'Accept-Encoding' } ]
25 verbose get saving forever to /home/qing/.npm/registry.npmjs.org/forever/.cache.json
26 silly addNameTag next cb for forever with tag latest
27 silly addNamed forever@0.15.1
28 verbose addNamed "0.15.1" is a plain semver version for forever
29 silly mapToRegistry name forever
30 silly mapToRegistry using default registry
31 silly mapToRegistry registry https://registry.npmjs.org/
32 silly mapToRegistry uri https://registry.npmjs.org/forever
33 verbose addRemoteTarball https://registry.npmjs.org/forever/-/forever-0.15.1.tgz not in flight; adding
34 verbose addRemoteTarball [ 'https://registry.npmjs.org/forever/-/forever-0.15.1.tgz',
34 verbose addRemoteTarball   '5e4e3d4ef946bef88ddcb9cc7412e478ad19e04e' ]
35 info retry fetch attempt 1 at 15:17:17
36 info attempt registry request try #1 at 15:17:17
37 http fetch GET https://registry.npmjs.org/forever/-/forever-0.15.1.tgz
38 http fetch 200 https://registry.npmjs.org/forever/-/forever-0.15.1.tgz
39 silly fetchAndShaCheck shasum 5e4e3d4ef946bef88ddcb9cc7412e478ad19e04e
40 verbose addTmpTarball /tmp/npm-6597-8a70c83b/registry.npmjs.org/forever/-/forever-0.15.1.tgz not in flight; adding
41 verbose addTmpTarball already have metadata; skipping unpack for forever@0.15.1
42 silly cache afterAdd forever@0.15.1
43 verbose afterAdd /home/qing/.npm/forever/0.15.1/package/package.json not in flight; writing
44 verbose afterAdd /home/qing/.npm/forever/0.15.1/package/package.json written
45 silly install resolved [ { name: 'forever',
45 silly install resolved     preferGlobal: 'true',
45 silly install resolved     description: 'A simple CLI tool for ensuring that a given node script runs continuously (i.e. forever)',
45 silly install resolved     version: '0.15.1',
45 silly install resolved     author: { name: 'Charlie Robbins', email: 'charlie.robbins@gmail.com' },
45 silly install resolved     maintainers: [ [Object], [Object], [Object], [Object], [Object] ],
45 silly install resolved     repository: { type: 'git', url: 'http://github.com/nodejitsu/forever.git' },
45 silly install resolved     keywords: [ 'cli', 'fault tolerant', 'sysadmin', 'tools' ],
45 silly install resolved     dependencies:
45 silly install resolved      { cliff: '~0.1.9',
45 silly install resolved        clone: '^1.0.2',
45 silly install resolved        colors: '~0.6.2',
45 silly install resolved        flatiron: '~0.4.2',
45 silly install resolved        'forever-monitor': '~1.6.0',
45 silly install resolved        nconf: '~0.6.9',
45 silly install resolved        nssocket: '~0.5.1',
45 silly install resolved        'object-assign': '^3.0.0',
45 silly install resolved        optimist: '~0.6.0',
45 silly install resolved        'path-is-absolute': '~1.0.0',
45 silly install resolved        prettyjson: '^1.1.2',
45 silly install resolved        shush: '^1.0.0',
45 silly install resolved        timespan: '~2.3.0',
45 silly install resolved        utile: '~0.2.1',
45 silly install resolved        winston: '~0.8.1' },
45 silly install resolved     devDependencies:
45 silly install resolved      { broadway: '~0.3.6',
45 silly install resolved        eventemitter2: '0.4.x',
45 silly install resolved        request: '2.x.x',
45 silly install resolved        vows: '0.7.x' },
45 silly install resolved     bin: { forever: './bin/forever' },
45 silly install resolved     main: './lib/forever',
45 silly install resolved     scripts: { test: 'vows test/**/*-test.js --spec -i' },
45 silly install resolved     engines: { node: '>= 0.8.x' },
45 silly install resolved     license: 'MIT',
45 silly install resolved     gitHead: '6c157fafe909eb555b9e73028338377b05d51f51',
45 silly install resolved     bugs: { url: 'https://github.com/nodejitsu/forever/issues' },
45 silly install resolved     homepage: 'https://github.com/nodejitsu/forever',
45 silly install resolved     _id: 'forever@0.15.1',
45 silly install resolved     _shasum: '5e4e3d4ef946bef88ddcb9cc7412e478ad19e04e',
45 silly install resolved     _from: 'forever@latest',
45 silly install resolved     _npmVersion: '2.6.1',
45 silly install resolved     _nodeVersion: '0.10.40',
45 silly install resolved     _npmUser: { name: 'indexzero', email: 'charlie.robbins@gmail.com' },
45 silly install resolved     dist:
45 silly install resolved      { shasum: '5e4e3d4ef946bef88ddcb9cc7412e478ad19e04e',
45 silly install resolved        tarball: 'https://registry.npmjs.org/forever/-/forever-0.15.1.tgz' },
45 silly install resolved     directories: {},
45 silly install resolved     _resolved: 'https://registry.npmjs.org/forever/-/forever-0.15.1.tgz' } ]
46 info install forever@0.15.1 into /usr/local/lib
47 info installOne forever@0.15.1
48 verbose installOne of forever to /usr/local/lib not in flight; installing
49 verbose lock using /home/qing/.npm/_locks/forever-ae9c3f2b6cc23ec5.lock for /usr/local/lib/node_modules/forever
50 silly install write writing forever 0.15.1 to /usr/local/lib/node_modules/forever
51 verbose unbuild lib/node_modules/forever
52 silly gentlyRm /usr/local/lib/node_modules/forever is being purged from base /usr/local
53 verbose gentlyRm don't care about contents; nuking /usr/local/lib/node_modules/forever
54 verbose tar unpack /home/qing/.npm/forever/0.15.1/package.tgz
55 verbose tar unpacking to /usr/local/lib/node_modules/forever
56 silly gentlyRm /usr/local/lib/node_modules/forever is being purged
57 verbose gentlyRm don't care about contents; nuking /usr/local/lib/node_modules/forever
58 silly gunzTarPerm modes [ '775', '664' ]
59 error tar.unpack untar error /home/qing/.npm/forever/0.15.1/package.tgz
60 verbose unlock done using /home/qing/.npm/_locks/forever-ae9c3f2b6cc23ec5.lock for /usr/local/lib/node_modules/forever
61 verbose fstream_path /usr/local/lib/node_modules/forever
62 verbose fstream_type Directory
63 verbose fstream_class DirWriter
64 verbose stack Error: EACCES: permission denied, mkdir '/usr/local/lib/node_modules/forever'
64 verbose stack     at Error (native)
65 verbose fstream_stack /usr/local/lib/node_modules/npm/node_modules/fstream/lib/dir-writer.js:35:25
65 verbose fstream_stack /usr/local/lib/node_modules/npm/node_modules/mkdirp/index.js:47:53
65 verbose fstream_stack FSReqWrap.oncomplete (fs.js:82:15)
66 verbose cwd /mnt/hgfs/project/www/biye
67 error Linux 4.3.5-300.fc23.x86_64
68 error argv "/usr/local/bin/node" "/usr/local/bin/npm" "install" "forever" "-g"
69 error node v4.2.4
70 error npm  v2.14.12
71 error path /usr/local/lib/node_modules/forever
72 error code EACCES
73 error errno -13
74 error syscall mkdir
75 error Error: EACCES: permission denied, mkdir '/usr/local/lib/node_modules/forever'
75 error     at Error (native)
75 error  { [Error: EACCES: permission denied, mkdir '/usr/local/lib/node_modules/forever']
75 error   errno: -13,
75 error   code: 'EACCES',
75 error   syscall: 'mkdir',
75 error   path: '/usr/local/lib/node_modules/forever',
75 error   fstream_type: 'Directory',
75 error   fstream_path: '/usr/local/lib/node_modules/forever',
75 error   fstream_class: 'DirWriter',
75 error   fstream_stack:
75 error    [ '/usr/local/lib/node_modules/npm/node_modules/fstream/lib/dir-writer.js:35:25',
75 error      '/usr/local/lib/node_modules/npm/node_modules/mkdirp/index.js:47:53',
75 error      'FSReqWrap.oncomplete (fs.js:82:15)' ] }
76 error Please try running this command again as root/Administrator.
77 verbose exit [ -13, true ]
78 verbose unbuild lib/node_modules/forever
79 silly gentlyRm /usr/local/lib/node_modules/forever is being purged from base /usr/local
80 verbose gentlyRm don't care about contents; nuking /usr/local/lib/node_modules/forever
